#
# There is insufficient memory for the Java Runtime Environment to continue.
# Native memory allocation (malloc) failed to allocate 1048576 bytes for AllocateHeap
# Possible reasons:
#   The system is out of physical RAM or swap space
#   The process is running with CompressedOops enabled, and the Java Heap may be blocking the growth of the native heap
# Possible solutions:
#   Reduce memory load on the system
#   Increase physical memory or swap space
#   Check if swap backing store is full
#   Decrease Java heap size (-Xmx/-Xms)
#   Decrease number of Java threads
#   Decrease Java thread stack sizes (-Xss)
#   Set larger code cache with -XX:ReservedCodeCacheSize=
#   JVM is running with Zero Based Compressed Oops mode in which the Java heap is
#     placed in the first 32GB address space. The Java Heap base address is the
#     maximum limit for the native heap growth. Please use -XX:HeapBaseMinAddress
#     to set the Java Heap base and to place the Java Heap above 32GB virtual address.
# This output file may be truncated or incomplete.
#
#  Out of Memory Error (allocation.cpp:44), pid=22816, tid=19536
#
# JRE version:  (17.0.6+10) (build )
# Java VM: OpenJDK 64-Bit Server VM (17.0.6+10-b829.9, mixed mode, sharing, tiered, compressed oops, compressed class ptrs, g1 gc, windows-amd64)
# No core dump will be written. Minidumps are not enabled by default on client versions of Windows
#

---------------  S U M M A R Y ------------

Command Line: git4idea.http.GitAskPassApp Username for 'https://github.com': 

Host: AMD Ryzen 3 5300U with Radeon Graphics         , 8 cores, 15G,  Windows 10 , 64 bit Build 19041 (10.0.19041.3636)
Time: Tue Mar  5 19:22:52 2024 RTZ 2 (s 10 , 64 bit Build 19041 (10.0.19041.3636) elapsed time: 0.017438 seconds (0d 0h 0m 0s)

---------------  T H R E A D  ---------------

Current thread (0x0000029e7fe66820):  JavaThread "Unknown thread" [_thread_in_vm, id=19536, stack(0x000000cddb700000,0x000000cddb800000)]

Stack: [0x000000cddb700000,0x000000cddb800000]
Native frames: (J=compiled Java code, j=interpreted, Vv=VM code, C=native code)
V  [jvm.dll+0x683c5a]
V  [jvm.dll+0x842764]
V  [jvm.dll+0x843f5e]
V  [jvm.dll+0x8445c3]
V  [jvm.dll+0x249b75]
V  [jvm.dll+0xa641f]
V  [jvm.dll+0x2e8e27]
V  [jvm.dll+0x2e0b3b]
V  [jvm.dll+0x814051]
V  [jvm.dll+0x36e6a1]
V  [jvm.dll+0x7f358c]
V  [jvm.dll+0x3f0e8f]
V  [jvm.dll+0x3f29d1]
C  [jli.dll+0x526b]
C  [ucrtbase.dll+0x21bb2]
C  [KERNEL32.DLL+0x17344]
C  [ntdll.dll+0x526b1]


---------------  P R O C E S S  ---------------

Threads class SMR info:
_java_thread_list=0x00007ffa09a0c058, length=0, elements={
}

Java Threads: ( => current thread )

Other Threads:
  0x0000029e7fecf0c0 GCTaskThread "GC Thread#0" [stack: 0x000000cddb800000,0x000000cddb900000] [id=8676]

[error occurred during error reporting (printing all threads), id 0xc0000005, EXCEPTION_ACCESS_VIOLATION (0xc0000005) at pc=0x00007ffa091bdd70]

VM state: not at safepoint (not fully initialized)

VM Mutex/Monitor currently owned by a thread:  ([mutex/lock_event])
[0x0000029e7fe655e0] Heap_lock - owner thread: 0x0000029e7fe66820

Heap address: 0x000000070ac00000, size: 3924 MB, Compressed Oops mode: Zero based, Oop shift amount: 3

CDS archive(s) mapped at: [0x0000000000000000-0x0000000000000000-0x0000000000000000), size 0, SharedBaseAddress: 0x0000000800000000, ArchiveRelocationMode: 0.
Narrow klass base: 0x0000000000000000, Narrow klass shift: 0, Narrow klass range: 0x0

GC Precious Log:
<Empty>

Heap:
 garbage-first heap   total 0K, used 0K [0x000000070ac00000, 0x0000000800000000)
  region size 2048K, 0 young (0K), 0 survivors (0K)

[error occurred during error reporting (printing heap information), id 0xc0000005, EXCEPTION_ACCESS_VIOLATION (0xc0000005) at pc=0x00007ffa095ada49]

GC Heap History (0 events):
No events

Dll operation events (1 events):
Event: 0.010 Loaded shared library C:\Users\avdee\AppData\Local\JetBrains\Toolbox\apps\IDEA-U\ch-0\231.9011.34\jbr\bin\java.dll

Deoptimization events (0 events):
No events

Classes unloaded (0 events):
No events

Classes redefined (0 events):
No events

Internal exceptions (0 events):
No events

VM Operations (0 events):
No events

Events (0 events):
No events


Dynamic libraries:
0x00007ff65c500000 - 0x00007ff65c50a000 	C:\Users\avdee\AppData\Local\JetBrains\Toolbox\apps\IDEA-U\ch-0\231.9011.34\jbr\bin\java.exe
0x00007ffa37ff0000 - 0x00007ffa381e8000 	C:\Windows\SYSTEM32\ntdll.dll
0x00007ffa361b0000 - 0x00007ffa3626d000 	C:\Windows\System32\KERNEL32.DLL
0x00007ffa356b0000 - 0x00007ffa359a6000 	C:\Windows\System32\KERNELBASE.dll
0x00007ffa359b0000 - 0x00007ffa35ab0000 	C:\Windows\System32\ucrtbase.dll
0x00007ffa30e30000 - 0x00007ffa30e47000 	C:\Users\avdee\AppData\Local\JetBrains\Toolbox\apps\IDEA-U\ch-0\231.9011.34\jbr\bin\jli.dll
0x00007ffa15e90000 - 0x00007ffa15eab000 	C:\Users\avdee\AppData\Local\JetBrains\Toolbox\apps\IDEA-U\ch-0\231.9011.34\jbr\bin\VCRUNTIME140.dll
0x00007ffa37440000 - 0x00007ffa375de000 	C:\Windows\System32\USER32.dll
0x00007ffa35c80000 - 0x00007ffa35ca2000 	C:\Windows\System32\win32u.dll
0x00007ffa1bd60000 - 0x00007ffa1bffa000 	C:\Windows\WinSxS\amd64_microsoft.windows.common-controls_6595b64144ccf1df_6.0.19041.3636_none_60b6a03d71f818d5\COMCTL32.dll
0x00007ffa37140000 - 0x00007ffa3716b000 	C:\Windows\System32\GDI32.dll
0x00007ffa36110000 - 0x00007ffa361ae000 	C:\Windows\System32\msvcrt.dll
0x00007ffa35d40000 - 0x00007ffa35e57000 	C:\Windows\System32\gdi32full.dll
0x00007ffa35e60000 - 0x00007ffa35efd000 	C:\Windows\System32\msvcp_win.dll
0x00007ffa363a0000 - 0x00007ffa363d2000 	C:\Windows\System32\IMM32.DLL
0x00007ffa15e80000 - 0x00007ffa15e8c000 	C:\Users\avdee\AppData\Local\JetBrains\Toolbox\apps\IDEA-U\ch-0\231.9011.34\jbr\bin\vcruntime140_1.dll
0x00007ffa07a90000 - 0x00007ffa07b1d000 	C:\Users\avdee\AppData\Local\JetBrains\Toolbox\apps\IDEA-U\ch-0\231.9011.34\jbr\bin\msvcp140.dll
0x00007ffa08ed0000 - 0x00007ffa09b3e000 	C:\Users\avdee\AppData\Local\JetBrains\Toolbox\apps\IDEA-U\ch-0\231.9011.34\jbr\bin\server\jvm.dll
0x00007ffa363e0000 - 0x00007ffa36493000 	C:\Windows\System32\ADVAPI32.dll
0x00007ffa372f0000 - 0x00007ffa3738f000 	C:\Windows\System32\sechost.dll
0x00007ffa36270000 - 0x00007ffa36396000 	C:\Windows\System32\RPCRT4.dll
0x00007ffa35f00000 - 0x00007ffa35f27000 	C:\Windows\System32\bcrypt.dll
0x00007ffa222e0000 - 0x00007ffa222e9000 	C:\Windows\SYSTEM32\WSOCK32.dll
0x00007ffa2dcf0000 - 0x00007ffa2dcfa000 	C:\Windows\SYSTEM32\VERSION.dll
0x00007ffa2b5e0000 - 0x00007ffa2b607000 	C:\Windows\SYSTEM32\WINMM.dll
0x00007ffa367f0000 - 0x00007ffa3685b000 	C:\Windows\System32\WS2_32.dll
0x00007ffa33ed0000 - 0x00007ffa33ee2000 	C:\Windows\SYSTEM32\kernel.appcore.dll
0x00007ffa311d0000 - 0x00007ffa311da000 	C:\Users\avdee\AppData\Local\JetBrains\Toolbox\apps\IDEA-U\ch-0\231.9011.34\jbr\bin\jimage.dll
0x00007ffa22600000 - 0x00007ffa227e4000 	C:\Windows\SYSTEM32\DBGHELP.DLL
0x00007ffa1b5a0000 - 0x00007ffa1b5d4000 	C:\Windows\SYSTEM32\dbgcore.DLL
0x00007ffa35cb0000 - 0x00007ffa35d32000 	C:\Windows\System32\bcryptPrimitives.dll
0x00007ffa30e60000 - 0x00007ffa30e85000 	C:\Users\avdee\AppData\Local\JetBrains\Toolbox\apps\IDEA-U\ch-0\231.9011.34\jbr\bin\java.dll

dbghelp: loaded successfully - version: 4.0.5 - missing functions: none
symbol engine: initialized successfully - sym options: 0x614 - pdb path: .;C:\Users\avdee\AppData\Local\JetBrains\Toolbox\apps\IDEA-U\ch-0\231.9011.34\jbr\bin;C:\Windows\SYSTEM32;C:\Windows\WinSxS\amd64_microsoft.windows.common-controls_6595b64144ccf1df_6.0.19041.3636_none_60b6a03d71f818d5;C:\Users\avdee\AppData\Local\JetBrains\Toolbox\apps\IDEA-U\ch-0\231.9011.34\jbr\bin\server

VM Arguments:
java_command: git4idea.http.GitAskPassApp Username for 'https://github.com': 
java_class_path (initial): C:/Users/avdee/AppData/Local/JetBrains/Toolbox/apps/IDEA-U/ch-0/231.9011.34/plugins/vcs-git/lib/git4idea-rt.jar;C:/Users/avdee/AppData/Local/JetBrains/Toolbox/apps/IDEA-U/ch-0/231.9011.34/lib/externalProcess-rt.jar
Launcher Type: SUN_STANDARD

[Global flags]
     intx CICompilerCount                          = 4                                         {product} {ergonomic}
     uint ConcGCThreads                            = 2                                         {product} {ergonomic}
     uint G1ConcRefinementThreads                  = 8                                         {product} {ergonomic}
   size_t G1HeapRegionSize                         = 2097152                                   {product} {ergonomic}
    uintx GCDrainStackTargetSize                   = 64                                        {product} {ergonomic}
   size_t InitialHeapSize                          = 257949696                                 {product} {ergonomic}
   size_t MarkStackSize                            = 4194304                                   {product} {ergonomic}
   size_t MaxHeapSize                              = 4114612224                                {product} {ergonomic}
   size_t MinHeapDeltaBytes                        = 2097152                                   {product} {ergonomic}
   size_t MinHeapSize                              = 8388608                                   {product} {ergonomic}
    uintx NonNMethodCodeHeapSize                   = 5839372                                {pd product} {ergonomic}
    uintx NonProfiledCodeHeapSize                  = 122909434                              {pd product} {ergonomic}
    uintx ProfiledCodeHeapSize                     = 122909434                              {pd product} {ergonomic}
    uintx ReservedCodeCacheSize                    = 251658240                              {pd product} {ergonomic}
     bool SegmentedCodeCache                       = true                                      {product} {ergonomic}
   size_t SoftMaxHeapSize                          = 4114612224                             {manageable} {ergonomic}
     bool UseCompressedClassPointers               = true                           {product lp64_product} {ergonomic}
     bool UseCompressedOops                        = true                           {product lp64_product} {ergonomic}
     bool UseG1GC                                  = true                                      {product} {ergonomic}
     bool UseLargePagesIndividualAllocation        = false                                  {pd product} {ergonomic}

Logging:
Log output configuration:
 #0: stdout all=warning uptime,level,tags
 #1: stderr all=off uptime,level,tags

Environment Variables:
JAVA_HOME=C:\Program Files\Java\jdk-17.0.9
PATH=C:\Program Files\Git\mingw64\libexec\git-core;C:\Program Files\Git\mingw64\libexec\git-core;C:\Program Files\Git\mingw64\bin;C:\Program Files\Git\usr\bin;C:\Users\avdee\bin;C:\Program Files (x86)\Common Files\Oracle\Java\javapath;C:\Program Files\Microsoft MPI\Bin;C:\Program Files (x86)\VMware\VMware Player\bin;C:\Windows\system32;C:\Windows;C:\Windows\System32\Wbem;C:\Windows\System32\WindowsPowerShell\v1.0;C:\Windows\System32\OpenSSH;C:\Program Files\Microsoft SQL Server\150\Tools\Binn;C:\Program Files\Microsoft SQL Server\Client SDK\ODBC\170\Tools\Binn;C:\Program Files\dotnet;C:\Program Files\Microsoft SQL Server\110\Tools\Binn;C:\Program Files\PuTTY;C:\Program Files\GoogleTest\googletest;C:\Program Files\Git\cmd;C:\TDM-GCC-64\bin;C:\Program Files\Git LFS;C:\HaxeToolkit\haxe;C:\HaxeToolkit\neko;C:\Program Files\WireGuard;C:\Program Files\Java\jdk-17.0.9\bin;C:\Program Files\Docker\Docker\resources\bin;C:\Users\avdee\AppData\Local\Microsoft\WindowsApps;C:\Users\avdee\AppData\Local\Programs\Microsoft VS Code\bin;C:\Users\avdee\.dotnet\tools;C:\Program Files\GoogleTest\googletest;C:\Users\avdee\AppData\Local\JetBrains\Toolbox\scripts;C:\Users\avdee\flow9\bin;C:\Program Files\Java\jdk-17.0.9\bin
USERNAME=avdee
DISPLAY=:0.0
LC_ALL=en_US.UTF-8
TERM=xterm-256color
TMPDIR=C:\Users\avdee\AppData\Local\Temp
OS=Windows_NT
PROCESSOR_IDENTIFIER=AMD64 Family 23 Model 104 Stepping 1, AuthenticAMD
TMP=C:\Users\avdee\AppData\Local\Temp
TEMP=C:\Users\avdee\AppData\Local\Temp


JNI global refs:

[error occurred during error reporting (JNI global references), id 0xc0000005, EXCEPTION_ACCESS_VIOLATION (0xc0000005) at pc=0x00007ffa08f87a10]


---------------  S Y S T E M  ---------------

OS:
 Windows 10 , 64 bit Build 19041 (10.0.19041.3636)
OS uptime: 1 days 7:03 hours
Hyper-V role detected

CPU: total 8 (initial active 8) (8 cores per cpu, 2 threads per core) family 23 model 104 stepping 1 microcode 0x0, cx8, cmov, fxsr, ht, mmx, 3dnowpref, sse, sse2, sse3, ssse3, sse4a, sse4.1, sse4.2, popcnt, lzcnt, tsc, tscinvbit, avx, avx2, aes, clmul, bmi1, bmi2, adx, sha, fma, vzeroupper, clflush, clflushopt, hv

Memory: 4k page, system-wide physical 15694M (2535M free)
TotalPageFile size 21838M (AvailPageFile size 6M)
current process WorkingSet (physical memory assigned to process): 10M, peak: 10M
current process commit charge ("private bytes"): 58M, peak: 59M

vm_info: OpenJDK 64-Bit Server VM (17.0.6+10-b829.9) for windows-amd64 JRE (17.0.6+10-b829.9), built on 2023-04-09 by "builduser" with MS VC++ 16.10 / 16.11 (VS2019)

END.
